0 info it worked if it ends with ok
1 verbose cli [ '/Users/mmiraglia/.nvm/versions/node/v4.4.5/bin/node',
1 verbose cli   '/Users/mmiraglia/.nvm/versions/node/v4.4.5/bin/npm',
1 verbose cli   'start' ]
2 info using npm@3.9.6
3 info using node@v4.4.5
4 verbose run-script [ 'prestart', 'start', 'poststart' ]
5 info lifecycle washroom-door@1.0.0~prestart: washroom-door@1.0.0
6 silly lifecycle washroom-door@1.0.0~prestart: no script for prestart, continuing
7 info lifecycle washroom-door@1.0.0~start: washroom-door@1.0.0
8 verbose lifecycle washroom-door@1.0.0~start: unsafe-perm in lifecycle true
9 verbose lifecycle washroom-door@1.0.0~start: PATH: /Users/mmiraglia/.nvm/versions/node/v4.4.5/lib/node_modules/npm/bin/node-gyp-bin:/Users/mmiraglia/Projects/JavaScript/washroomDoor/node_modules/.bin:/Users/mmiraglia/.nvm/versions/node/v4.4.5/bin:/Users/mmiraglia/.nvm/versions/node/v4.4.5/bin:/usr/local/bin:/usr/bin:/bin:/usr/sbin:/sbin
10 verbose lifecycle washroom-door@1.0.0~start: CWD: /Users/mmiraglia/Projects/JavaScript/washroomDoor
11 silly lifecycle washroom-door@1.0.0~start: Args: [ '-c', 'node server.js' ]
12 silly lifecycle washroom-door@1.0.0~start: Returned: code: 1  signal: null
13 info lifecycle washroom-door@1.0.0~start: Failed to exec start script
14 verbose stack Error: washroom-door@1.0.0 start: `node server.js`
14 verbose stack Exit status 1
14 verbose stack     at EventEmitter.<anonymous> (/Users/mmiraglia/.nvm/versions/node/v4.4.5/lib/node_modules/npm/lib/utils/lifecycle.js:245:16)
14 verbose stack     at emitTwo (events.js:87:13)
14 verbose stack     at EventEmitter.emit (events.js:172:7)
14 verbose stack     at ChildProcess.<anonymous> (/Users/mmiraglia/.nvm/versions/node/v4.4.5/lib/node_modules/npm/lib/utils/spawn.js:24:14)
14 verbose stack     at emitTwo (events.js:87:13)
14 verbose stack     at ChildProcess.emit (events.js:172:7)
14 verbose stack     at maybeClose (internal/child_process.js:827:16)
14 verbose stack     at Process.ChildProcess._handle.onexit (internal/child_process.js:211:5)
15 verbose pkgid washroom-door@1.0.0
16 verbose cwd /Users/mmiraglia/Projects/JavaScript/washroomDoor
17 error Darwin 15.5.0
18 error argv "/Users/mmiraglia/.nvm/versions/node/v4.4.5/bin/node" "/Users/mmiraglia/.nvm/versions/node/v4.4.5/bin/npm" "start"
19 error node v4.4.5
20 error npm  v3.9.6
21 error code ELIFECYCLE
22 error washroom-door@1.0.0 start: `node server.js`
22 error Exit status 1
23 error Failed at the washroom-door@1.0.0 start script 'node server.js'.
23 error Make sure you have the latest version of node.js and npm installed.
23 error If you do, this is most likely a problem with the washroom-door package,
23 error not with npm itself.
23 error Tell the author that this fails on your system:
23 error     node server.js
23 error You can get information on how to open an issue for this project with:
23 error     npm bugs washroom-door
23 error Or if that isn't available, you can get their info via:
23 error     npm owner ls washroom-door
23 error There is likely additional logging output above.
24 verbose exit [ 1, true ]
